# JRE version: OpenJDK Runtime Environment Temurin-21.0.9+10 (21.0.9+10) (build 21.0.9+10-LTS)
# Java VM: OpenJDK 64-Bit Server VM Temurin-21.0.9+10 (21.0.9+10-LTS, mixed mode, sharing, tiered, compressed oops, compressed class ptrs, parallel gc, windows-amd64)
GC Precious Log:
 CardTable entry size: 512
 CPUs: 8 total, 8 available
 Memory: 3671M
 Large Page Support: Disabled
 NUMA Support: Disabled
 Compressed Oops: Enabled (32-bit)
 Alignments: Space 512K, Generation 512K, Heap 2M
 Heap Min Capacity: 100M
 Heap Initial Capacity: 100M
 Heap Max Capacity: 2G
 Pre-touch: Disabled
 Parallel Workers: 8
Heap:
 PSYoungGen      total 22528K, used 11268K [0x00000000d5580000, 0x00000000d6f80000, 0x0000000100000000)
  eden space 20992K, 47% used [0x00000000d5580000,0x00000000d5f4d030,0x00000000d6a00000)
  from space 1536K, 80% used [0x00000000d6e00000,0x00000000d6f34030,0x00000000d6f80000)
  to   space 2048K, 0% used [0x00000000d6b80000,0x00000000d6b80000,0x00000000d6d80000)
 ParOldGen       total 738816K, used 281594K [0x0000000080000000, 0x00000000ad180000, 0x00000000d5580000)
  object space 738816K, 38% used [0x0000000080000000,0x00000000912fe910,0x00000000ad180000)
 Metaspace       used 89148K, committed 90816K, reserved 1179648K
  class space    used 9130K, committed 9984K, reserved 1048576K
GC Heap History (20 events):
Event: 10339.502 GC heap before
{Heap before GC invocations=1864 (full 5):
 PSYoungGen      total 24576K, used 24237K [0x00000000d5580000, 0x00000000d7100000, 0x0000000100000000)
  eden space 20992K, 100% used [0x00000000d5580000,0x00000000d6a00000,0x00000000d6a00000)
  from space 3584K, 90% used [0x00000000d6d80000,0x00000000d70ab610,0x00000000d7100000)
  to   space 3584K, 0% used [0x00000000d6a00000,0x00000000d6a00000,0x00000000d6d80000)
 ParOldGen       total 738816K, used 274843K [0x0000000080000000, 0x00000000ad180000, 0x00000000d5580000)
  object space 738816K, 37% used [0x0000000080000000,0x0000000090c66e50,0x00000000ad180000)
 Metaspace       used 89072K, committed 90752K, reserved 1179648K
  class space    used 9127K, committed 9984K, reserved 1048576K
}
Event: 10339.509 GC heap after
{Heap after GC invocations=1864 (full 5):
 PSYoungGen      total 22016K, used 912K [0x00000000d5580000, 0x00000000d6e00000, 0x0000000100000000)
  eden space 20992K, 0% used [0x00000000d5580000,0x00000000d5580000,0x00000000d6a00000)
  from space 1024K, 89% used [0x00000000d6a00000,0x00000000d6ae4050,0x00000000d6b00000)
  to   space 2048K, 0% used [0x00000000d6c00000,0x00000000d6c00000,0x00000000d6e00000)
 ParOldGen       total 738816K, used 274859K [0x0000000080000000, 0x00000000ad180000, 0x00000000d5580000)
  object space 738816K, 37% used [0x0000000080000000,0x0000000090c6ae50,0x00000000ad180000)
 Metaspace       used 89072K, committed 90752K, reserved 1179648K
  class space    used 9127K, committed 9984K, reserved 1048576K
}
Event: 10340.247 GC heap before
{Heap before GC invocations=1865 (full 5):
 PSYoungGen      total 22016K, used 21904K [0x00000000d5580000, 0x00000000d6e00000, 0x0000000100000000)
  eden space 20992K, 100% used [0x00000000d5580000,0x00000000d6a00000,0x00000000d6a00000)
  from space 1024K, 89% used [0x00000000d6a00000,0x00000000d6ae4050,0x00000000d6b00000)
  to   space 2048K, 0% used [0x00000000d6c00000,0x00000000d6c00000,0x00000000d6e00000)
 ParOldGen       total 738816K, used 274859K [0x0000000080000000, 0x00000000ad180000, 0x00000000d5580000)
  object space 738816K, 37% used [0x0000000080000000,0x0000000090c6ae50,0x00000000ad180000)
 Metaspace       used 89078K, committed 90752K, reserved 1179648K
  class space    used 9127K, committed 9984K, reserved 1048576K
}
Event: 10340.262 GC heap after
{Heap after GC invocations=1865 (full 5):
 PSYoungGen      total 21504K, used 256K [0x00000000d5580000, 0x00000000d6c80000, 0x0000000100000000)
  eden space 20992K, 0% used [0x00000000d5580000,0x00000000d5580000,0x00000000d6a00000)
  from space 512K, 50% used [0x00000000d6c00000,0x00000000d6c40000,0x00000000d6c80000)
  to   space 1024K, 0% used [0x00000000d6a80000,0x00000000d6a80000,0x00000000d6b80000)
 ParOldGen       total 738816K, used 275561K [0x0000000080000000, 0x00000000ad180000, 0x00000000d5580000)
  object space 738816K, 37% used [0x0000000080000000,0x0000000090d1a7b8,0x00000000ad180000)
 Metaspace       used 89078K, committed 90752K, reserved 1179648K
  class space    used 9127K, committed 9984K, reserved 1048576K
}
Event: 10374.600 GC heap before
{Heap before GC invocations=1866 (full 5):
 PSYoungGen      total 21504K, used 21247K [0x00000000d5580000, 0x00000000d6c80000, 0x0000000100000000)
  eden space 20992K, 99% used [0x00000000d5580000,0x00000000d69fffc8,0x00000000d6a00000)
  from space 512K, 50% used [0x00000000d6c00000,0x00000000d6c40000,0x00000000d6c80000)
  to   space 1024K, 0% used [0x00000000d6a80000,0x00000000d6a80000,0x00000000d6b80000)
 ParOldGen       total 738816K, used 275561K [0x0000000080000000, 0x00000000ad180000, 0x00000000d5580000)
  object space 738816K, 37% used [0x0000000080000000,0x0000000090d1a7b8,0x00000000ad180000)
 Metaspace       used 89082K, committed 90752K, reserved 1179648K
  class space    used 9127K, committed 9984K, reserved 1048576K
}
Event: 10374.612 GC heap after
{Heap after GC invocations=1866 (full 5):
 PSYoungGen      total 22016K, used 998K [0x00000000d5580000, 0x00000000d6e00000, 0x0000000100000000)
  eden space 20992K, 0% used [0x00000000d5580000,0x00000000d5580000,0x00000000d6a00000)
  from space 1024K, 97% used [0x00000000d6a80000,0x00000000d6b79b08,0x00000000d6b80000)
  to   space 2048K, 0% used [0x00000000d6c00000,0x00000000d6c00000,0x00000000d6e00000)
 ParOldGen       total 738816K, used 276120K [0x0000000080000000, 0x00000000ad180000, 0x00000000d5580000)
  object space 738816K, 37% used [0x0000000080000000,0x0000000090da62d0,0x00000000ad180000)
 Metaspace       used 89082K, committed 90752K, reserved 1179648K
  class space    used 9127K, committed 9984K, reserved 1048576K
}
Event: 10376.527 GC heap before
{Heap before GC invocations=1867 (full 5):
 PSYoungGen      total 22016K, used 21990K [0x00000000d5580000, 0x00000000d6e00000, 0x0000000100000000)
  eden space 20992K, 100% used [0x00000000d5580000,0x00000000d6a00000,0x00000000d6a00000)
  from space 1024K, 97% used [0x00000000d6a80000,0x00000000d6b79b08,0x00000000d6b80000)
  to   space 2048K, 0% used [0x00000000d6c00000,0x00000000d6c00000,0x00000000d6e00000)
 ParOldGen       total 738816K, used 276120K [0x0000000080000000, 0x00000000ad180000, 0x00000000d5580000)
  object space 738816K, 37% used [0x0000000080000000,0x0000000090da62d0,0x00000000ad180000)
 Metaspace       used 89082K, committed 90752K, reserved 1179648K
  class space    used 9127K, committed 9984K, reserved 1048576K
}
Event: 10376.543 GC heap after
{Heap after GC invocations=1867 (full 5):
 PSYoungGen      total 22016K, used 864K [0x00000000d5580000, 0x00000000d6d00000, 0x0000000100000000)
  eden space 20992K, 0% used [0x00000000d5580000,0x00000000d5580000,0x00000000d6a00000)
  from space 1024K, 84% used [0x00000000d6c00000,0x00000000d6cd8000,0x00000000d6d00000)
  to   space 1536K, 0% used [0x00000000d6a00000,0x00000000d6a00000,0x00000000d6b80000)
 ParOldGen       total 738816K, used 276777K [0x0000000080000000, 0x00000000ad180000, 0x00000000d5580000)
  object space 738816K, 37% used [0x0000000080000000,0x0000000090e4a4f8,0x00000000ad180000)
 Metaspace       used 89082K, committed 90752K, reserved 1179648K
  class space    used 9127K, committed 9984K, reserved 1048576K
}
Event: 10378.379 GC heap before
{Heap before GC invocations=1868 (full 5):
 PSYoungGen      total 22016K, used 21856K [0x00000000d5580000, 0x00000000d6d00000, 0x0000000100000000)
  eden space 20992K, 100% used [0x00000000d5580000,0x00000000d6a00000,0x00000000d6a00000)
  from space 1024K, 84% used [0x00000000d6c00000,0x00000000d6cd8000,0x00000000d6d00000)
  to   space 1536K, 0% used [0x00000000d6a00000,0x00000000d6a00000,0x00000000d6b80000)
 ParOldGen       total 738816K, used 276777K [0x0000000080000000, 0x00000000ad180000, 0x00000000d5580000)
  object space 738816K, 37% used [0x0000000080000000,0x0000000090e4a4f8,0x00000000ad180000)
 Metaspace       used 89082K, committed 90752K, reserved 1179648K
  class space    used 9127K, committed 9984K, reserved 1048576K
}
Event: 10378.407 GC heap after
{Heap after GC invocations=1868 (full 5):
 PSYoungGen      total 22528K, used 1517K [0x00000000d5580000, 0x00000000d7400000, 0x0000000100000000)
  eden space 20992K, 0% used [0x00000000d5580000,0x00000000d5580000,0x00000000d6a00000)
  from space 1536K, 98% used [0x00000000d6a00000,0x00000000d6b7b610,0x00000000d6b80000)
  to   space 5120K, 0% used [0x00000000d6f00000,0x00000000d6f00000,0x00000000d7400000)
 ParOldGen       total 738816K, used 279361K [0x0000000080000000, 0x00000000ad180000, 0x00000000d5580000)
  object space 738816K, 37% used [0x0000000080000000,0x00000000910d04f8,0x00000000ad180000)
 Metaspace       used 89082K, committed 90752K, reserved 1179648K
  class space    used 9127K, committed 9984K, reserved 1048576K
}
Event: 10379.935 GC heap before
{Heap before GC invocations=1869 (full 5):
 PSYoungGen      total 22528K, used 22509K [0x00000000d5580000, 0x00000000d7400000, 0x0000000100000000)
  eden space 20992K, 100% used [0x00000000d5580000,0x00000000d6a00000,0x00000000d6a00000)
  from space 1536K, 98% used [0x00000000d6a00000,0x00000000d6b7b610,0x00000000d6b80000)
  to   space 5120K, 0% used [0x00000000d6f00000,0x00000000d6f00000,0x00000000d7400000)
 ParOldGen       total 738816K, used 279361K [0x0000000080000000, 0x00000000ad180000, 0x00000000d5580000)
  object space 738816K, 37% used [0x0000000080000000,0x00000000910d04f8,0x00000000ad180000)
 Metaspace       used 89082K, committed 90752K, reserved 1179648K
  class space    used 9127K, committed 9984K, reserved 1048576K
}
Event: 10379.944 GC heap after
{Heap after GC invocations=1869 (full 5):
 PSYoungGen      total 24064K, used 2861K [0x00000000d5580000, 0x00000000d7200000, 0x0000000100000000)
  eden space 20992K, 0% used [0x00000000d5580000,0x00000000d5580000,0x00000000d6a00000)
  from space 3072K, 93% used [0x00000000d6f00000,0x00000000d71cb610,0x00000000d7200000)
  to   space 3584K, 0% used [0x00000000d6b00000,0x00000000d6b00000,0x00000000d6e80000)
 ParOldGen       total 738816K, used 279377K [0x0000000080000000, 0x00000000ad180000, 0x00000000d5580000)
  object space 738816K, 37% used [0x0000000080000000,0x00000000910d44f8,0x00000000ad180000)
 Metaspace       used 89082K, committed 90752K, reserved 1179648K
  class space    used 9127K, committed 9984K, reserved 1048576K
}
Event: 10383.816 GC heap before
{Heap before GC invocations=1870 (full 5):
 PSYoungGen      total 24064K, used 23853K [0x00000000d5580000, 0x00000000d7200000, 0x0000000100000000)
  eden space 20992K, 100% used [0x00000000d5580000,0x00000000d6a00000,0x00000000d6a00000)
  from space 3072K, 93% used [0x00000000d6f00000,0x00000000d71cb610,0x00000000d7200000)
  to   space 3584K, 0% used [0x00000000d6b00000,0x00000000d6b00000,0x00000000d6e80000)
 ParOldGen       total 738816K, used 279377K [0x0000000080000000, 0x00000000ad180000, 0x00000000d5580000)
  object space 738816K, 37% used [0x0000000080000000,0x00000000910d44f8,0x00000000ad180000)
 Metaspace       used 89082K, committed 90752K, reserved 1179648K
  class space    used 9127K, committed 9984K, reserved 1048576K
}
Event: 10383.825 GC heap after
{Heap after GC invocations=1870 (full 5):
 PSYoungGen      total 21504K, used 512K [0x00000000d5580000, 0x00000000d6f80000, 0x0000000100000000)
  eden space 20992K, 0% used [0x00000000d5580000,0x00000000d5580000,0x00000000d6a00000)
  from space 512K, 100% used [0x00000000d6b00000,0x00000000d6b80000,0x00000000d6b80000)
  to   space 1536K, 0% used [0x00000000d6e00000,0x00000000d6e00000,0x00000000d6f80000)
 ParOldGen       total 738816K, used 279393K [0x0000000080000000, 0x00000000ad180000, 0x00000000d5580000)
  object space 738816K, 37% used [0x0000000080000000,0x00000000910d84f8,0x00000000ad180000)
 Metaspace       used 89082K, committed 90752K, reserved 1179648K
  class space    used 9127K, committed 9984K, reserved 1048576K
}
Event: 10385.579 GC heap before
{Heap before GC invocations=1871 (full 5):
 PSYoungGen      total 21504K, used 21504K [0x00000000d5580000, 0x00000000d6f80000, 0x0000000100000000)
  eden space 20992K, 100% used [0x00000000d5580000,0x00000000d6a00000,0x00000000d6a00000)
  from space 512K, 100% used [0x00000000d6b00000,0x00000000d6b80000,0x00000000d6b80000)
  to   space 1536K, 0% used [0x00000000d6e00000,0x00000000d6e00000,0x00000000d6f80000)
 ParOldGen       total 738816K, used 279393K [0x0000000080000000, 0x00000000ad180000, 0x00000000d5580000)
  object space 738816K, 37% used [0x0000000080000000,0x00000000910d84f8,0x00000000ad180000)
 Metaspace       used 89082K, committed 90752K, reserved 1179648K
  class space    used 9127K, committed 9984K, reserved 1048576K
}
Event: 10385.588 GC heap after
{Heap after GC invocations=1871 (full 5):
 PSYoungGen      total 22528K, used 1510K [0x00000000d5580000, 0x00000000d6f80000, 0x0000000100000000)
  eden space 20992K, 0% used [0x00000000d5580000,0x00000000d5580000,0x00000000d6a00000)
  from space 1536K, 98% used [0x00000000d6e00000,0x00000000d6f79b08,0x00000000d6f80000)
  to   space 2048K, 0% used [0x00000000d6b80000,0x00000000d6b80000,0x00000000d6d80000)
 ParOldGen       total 738816K, used 279632K [0x0000000080000000, 0x00000000ad180000, 0x00000000d5580000)
  object space 738816K, 37% used [0x0000000080000000,0x0000000091114000,0x00000000ad180000)
 Metaspace       used 89082K, committed 90752K, reserved 1179648K
  class space    used 9127K, committed 9984K, reserved 1048576K
}
Event: 10386.432 GC heap before
{Heap before GC invocations=1872 (full 5):
 PSYoungGen      total 22528K, used 22502K [0x00000000d5580000, 0x00000000d6f80000, 0x0000000100000000)
  eden space 20992K, 100% used [0x00000000d5580000,0x00000000d6a00000,0x00000000d6a00000)
  from space 1536K, 98% used [0x00000000d6e00000,0x00000000d6f79b08,0x00000000d6f80000)
  to   space 2048K, 0% used [0x00000000d6b80000,0x00000000d6b80000,0x00000000d6d80000)
 ParOldGen       total 738816K, used 279632K [0x0000000080000000, 0x00000000ad180000, 0x00000000d5580000)
  object space 738816K, 37% used [0x0000000080000000,0x0000000091114000,0x00000000ad180000)
 Metaspace       used 89096K, committed 90752K, reserved 1179648K
  class space    used 9127K, committed 9984K, reserved 1048576K
}
Event: 10386.451 GC heap after
{Heap after GC invocations=1872 (full 5):
 PSYoungGen      total 23040K, used 2030K [0x00000000d5580000, 0x00000000d7200000, 0x0000000100000000)
  eden space 20992K, 0% used [0x00000000d5580000,0x00000000d5580000,0x00000000d6a00000)
  from space 2048K, 99% used [0x00000000d6b80000,0x00000000d6d7bb20,0x00000000d6d80000)
  to   space 4096K, 0% used [0x00000000d6e00000,0x00000000d6e00000,0x00000000d7200000)
 ParOldGen       total 738816K, used 281026K [0x0000000080000000, 0x00000000ad180000, 0x00000000d5580000)
  object space 738816K, 38% used [0x0000000080000000,0x0000000091270910,0x00000000ad180000)
 Metaspace       used 89096K, committed 90752K, reserved 1179648K
  class space    used 9127K, committed 9984K, reserved 1048576K
}
Event: 10403.548 GC heap before
{Heap before GC invocations=1873 (full 5):
 PSYoungGen      total 23040K, used 23022K [0x00000000d5580000, 0x00000000d7200000, 0x0000000100000000)
  eden space 20992K, 100% used [0x00000000d5580000,0x00000000d6a00000,0x00000000d6a00000)
  from space 2048K, 99% used [0x00000000d6b80000,0x00000000d6d7bb20,0x00000000d6d80000)
  to   space 4096K, 0% used [0x00000000d6e00000,0x00000000d6e00000,0x00000000d7200000)
 ParOldGen       total 738816K, used 281026K [0x0000000080000000, 0x00000000ad180000, 0x00000000d5580000)
  object space 738816K, 38% used [0x0000000080000000,0x0000000091270910,0x00000000ad180000)
 Metaspace       used 89110K, committed 90752K, reserved 1179648K
  class space    used 9128K, committed 9984K, reserved 1048576K
}
Event: 10403.563 GC heap after
{Heap after GC invocations=1873 (full 5):
 PSYoungGen      total 22528K, used 1232K [0x00000000d5580000, 0x00000000d6f80000, 0x0000000100000000)
  eden space 20992K, 0% used [0x00000000d5580000,0x00000000d5580000,0x00000000d6a00000)
  from space 1536K, 80% used [0x00000000d6e00000,0x00000000d6f34030,0x00000000d6f80000)
  to   space 2048K, 0% used [0x00000000d6b80000,0x00000000d6b80000,0x00000000d6d80000)
 ParOldGen       total 738816K, used 281594K [0x0000000080000000, 0x00000000ad180000, 0x00000000d5580000)
  object space 738816K, 38% used [0x0000000080000000,0x00000000912fe910,0x00000000ad180000)
 Metaspace       used 89110K, committed 90752K, reserved 1179648K
  class space    used 9128K, committed 9984K, reserved 1048576K
}

